{"numFailedTestSuites":0,"numFailedTests":0,"numPassedTestSuites":1,"numPassedTests":2,"numPendingTestSuites":0,"numPendingTests":0,"numRuntimeErrorTestSuites":0,"numTodoTests":0,"numTotalTestSuites":1,"numTotalTests":2,"openHandles":[],"snapshot":{"added":0,"didUpdate":false,"failure":false,"filesAdded":0,"filesRemoved":0,"filesRemovedList":[],"filesUnmatched":0,"filesUpdated":0,"matched":0,"total":0,"unchecked":0,"uncheckedKeysByFile":[],"unmatched":0,"updated":0},"startTime":1789655538202,"success":true,"testResults":[{"assertionResults":[{"ancestorTitles":[],"duration":6903,"failureDetails":[],"failureMessages":[],"fullName":"renders correctly","invocations":1,"location":null,"numPassingAsserts":0,"retryReasons":[],"status":"passed","title":"renders correctly"},{"ancestorTitles":[],"duration":8,"failureDetails":[],"failureMessages":[],"fullName":"WeatherDetailScreen does not crash without route params","invocations":1,"location":null,"numPassingAsserts":0,"retryReasons":[],"status":"passed","title":"WeatherDetailScreen does not crash without route params"}],"endTime":1789655652405,"message":"","name":"C:\\Users\\HP\\Desktop\\ap\\pladomus-reaxt-native-assignment\\webapp\\__tests__\\App.test.tsx","startTime":1789655559271,"status":"passed","summary":""}],"wasInterrupted":false}
